<?xml version="1.0" encoding="UTF-8"?>
<robot generator="Robot 5.0.1 (Python 3.10.5 on win32)" generated="20220831 19:12:12.568" rpa="false" schemaversion="3">
<suite id="s1" name="Tests" source="c:\Users\joaow\OneDrive\Documentos\Testes robotframework\Tests suite Login\LoginTests\tests.robot">
<test id="s1-t1" name="test 01" line="9">
<kw name="Open the browser" library="functions" type="SETUP">
<kw name="Open Browser" library="SeleniumLibrary">
<arg>browser=${BROWSER}</arg>
<doc>Opens a new browser instance to the optional ``url``.</doc>
<msg timestamp="20220831 19:12:12.783" level="INFO">Opening browser 'chrome' to base url 'None'.</msg>
<status status="PASS" starttime="20220831 19:12:12.783" endtime="20220831 19:12:13.967"/>
</kw>
<status status="PASS" starttime="20220831 19:12:12.782" endtime="20220831 19:12:13.967"/>
</kw>
<kw name="Open the browser" library="functions">
<kw name="Open Browser" library="SeleniumLibrary">
<arg>browser=${BROWSER}</arg>
<doc>Opens a new browser instance to the optional ``url``.</doc>
<msg timestamp="20220831 19:12:13.969" level="INFO">Opening browser 'chrome' to base url 'None'.</msg>
<status status="PASS" starttime="20220831 19:12:13.968" endtime="20220831 19:12:15.058"/>
</kw>
<status status="PASS" starttime="20220831 19:12:13.968" endtime="20220831 19:12:15.059"/>
</kw>
<kw name="Close the Browser" library="functions">
<kw name="Close Browser" library="SeleniumLibrary">
<doc>Closes the current browser.</doc>
<status status="PASS" starttime="20220831 19:12:15.059" endtime="20220831 19:12:17.129"/>
</kw>
<status status="PASS" starttime="20220831 19:12:15.059" endtime="20220831 19:12:17.129"/>
</kw>
<kw name="Close the Browser" library="functions" type="TEARDOWN">
<kw name="Close Browser" library="SeleniumLibrary">
<doc>Closes the current browser.</doc>
<status status="PASS" starttime="20220831 19:12:17.130" endtime="20220831 19:12:17.131"/>
</kw>
<status status="PASS" starttime="20220831 19:12:17.130" endtime="20220831 19:12:17.131"/>
</kw>
<status status="PASS" starttime="20220831 19:12:12.781" endtime="20220831 19:12:17.131"/>
</test>
<status status="PASS" starttime="20220831 19:12:12.573" endtime="20220831 19:12:17.134"/>
</suite>
<statistics>
<total>
<stat pass="1" fail="0" skip="0">All Tests</stat>
</total>
<tag>
</tag>
<suite>
<stat pass="1" fail="0" skip="0" id="s1" name="Tests">Tests</stat>
</suite>
</statistics>
<errors>
<msg timestamp="20220831 19:12:12.777" level="ERROR">Error in file 'c:\Users\joaow\OneDrive\Documentos\Testes robotframework\Tests suite Login\LoginTests\functions.robot' on line 4: Resource file 'fuctions.robot' does not exist.</msg>
</errors>
</robot>
